<?xml version="1.0" encoding="UTF-8"?>
<testsuite xmlns:xsi="http://www.w3.org/2001/XMLSchema-instance" xsi:noNamespaceSchemaLocation="https://maven.apache.org/surefire/maven-surefire-plugin/xsd/surefire-test-report-3.0.xsd" version="3.0" name="com.increff.pos.unit.flow.SessionFlowTest" time="0.1" tests="4" errors="0" skipped="0" failures="0">
  <properties>
[...]
</properties>
  <testcase name="login_invalidPassword_shouldThrowException" classname="com.increff.pos.unit.flow.SessionFlowTest" time="0.096"/>
  <testcase name="login_tokenGenerationFails_shouldThrowException" classname="com.increff.pos.unit.flow.SessionFlowTest" time="0.001"/>
  <testcase name="login_userNotFound_shouldThrowException" classname="com.increff.pos.unit.flow.SessionFlowTest" time="0.001"/>
  <testcase name="login_validCredentials_shouldReturnLoginResult" classname="com.increff.pos.unit.flow.SessionFlowTest" time="0.001"/>
</testsuite>